================================================================================
FORVIS MAZARS ATS - MASTER TEST REPORT
================================================================================
Started: 2026-02-17 01:01:15
================================================================================

[01:01:15] [INFO] 
[01:01:15] [INFO] ================================================================================
[01:01:15] [INFO] RUNNING: Data Quality Tests
[01:01:15] [INFO] ================================================================================
[01:01:15] [ERROR] FAILED: Data Quality Tests (0.11s)
[01:01:15] [INFO] 
[01:01:15] [INFO] ================================================================================
[01:01:15] [INFO] RUNNING: Embedding Quality Tests
[01:01:15] [INFO] ================================================================================
[01:01:15] [SUCCESS] PASSED: Embedding Quality Tests (0.38s)
[01:01:15] [INFO] 
[01:01:15] [INFO] ================================================================================
[01:01:15] [INFO] RUNNING: Matching Engine Tests
[01:01:15] [INFO] ================================================================================
[01:01:19] [SUCCESS] PASSED: Matching Engine Tests (3.83s)
[01:01:19] [INFO] 
[01:01:19] [INFO] ================================================================================
[01:01:19] [INFO] RUNNING: Integration Tests
[01:01:19] [INFO] ================================================================================
[01:01:52] [SUCCESS] PASSED: Integration Tests (32.82s)
[01:01:52] [INFO] 
[01:01:52] [INFO] ================================================================================
[01:01:52] [INFO] MASTER TEST REPORT - FINAL SUMMARY
[01:01:52] [INFO] ================================================================================
[01:01:52] [INFO] Total Test Suites: 4
[01:01:52] [INFO] Passed: 3
[01:01:52] [INFO] Failed: 1
[01:01:52] [INFO] Total Duration: 37.15s (0.62 minutes)
[01:01:52] [INFO] 
[01:01:52] [INFO] Detailed Results:
[01:01:52] [ERROR]   ✗ FAIL   | Data Quality Tests                            |   0.11s
[01:01:52] [SUCCESS]   ✓ PASS   | Embedding Quality Tests                       |   0.38s
[01:01:52] [SUCCESS]   ✓ PASS   | Matching Engine Tests                         |   3.83s
[01:01:52] [SUCCESS]   ✓ PASS   | Integration Tests                             |  32.82s
[01:01:52] [INFO] 
[01:01:52] [INFO] ================================================================================
[01:01:52] [ERROR] 1 TEST SUITE(S) FAILED
[01:01:52] [WARN] Review failed suites before deployment
[01:01:52] [INFO] ================================================================================
[01:01:52] [INFO] 
[01:01:52] [INFO] Generated Log Files:
[01:01:52] [INFO]   - logs\test_data_quality.txt
[01:01:52] [INFO]   - logs\test_embeddings.txt
[01:01:52] [INFO]   - logs\test_integration.txt
[01:01:52] [INFO]   - logs\test_master_report.txt
[01:01:52] [INFO]   - logs\test_matching_engine.txt
[01:01:52] [INFO] 
[01:01:52] [INFO] ================================================================================
[01:01:52] [INFO] Completed: 2026-02-17 01:01:52
[01:01:52] [INFO] Master report: C:\Users\TAMIM\Desktop\semantic-matching-ats\logs\test_master_report.txt
[01:01:52] [INFO] ================================================================================
